<?xml version="1.0" encoding="UTF-8"?>
<!-- Generated by org.testng.reporters.JUnitReportReporter -->
<testsuite hostname="Shivaleela-H-MacBook-Pro.local" name="Script.SecondTest" tests="2" failures="0" timestamp="25 Jun 2014 13:06:53 GMT" time="0.003" errors="0">
  <testcase name="CloseBrowser" time="0.001" classname="Script.SecondTest"/>
  <testcase name="OpenBrowser" time="0.002" classname="Script.SecondTest"/>
</testsuite> <!-- Script.SecondTest -->
