<?xml version="1.0" encoding="UTF-8"?>
<!-- Generated by org.testng.reporters.JUnitReportReporter -->
<testsuite hostname="Shivaleela-H-MacBook-Pro.local" name="Script.Login" tests="5" failures="0" timestamp="3 Jun 2014 07:53:13 GMT" time="63.238" errors="0">
  <testcase name="LoginData" time="12.311" classname="Script.Login"/>
  <testcase name="LoginData" time="12.891" classname="Script.Login"/>
  <testcase name="LoginData" time="13.768" classname="Script.Login"/>
  <testcase name="LoginData" time="12.596" classname="Script.Login"/>
  <testcase name="LoginData" time="11.672" classname="Script.Login"/>
</testsuite> <!-- Script.Login -->
