<?xml version="1.0" encoding="UTF-8"?>
<!-- Generated by org.testng.reporters.JUnitReportReporter -->
<testsuite hostname="Shivaleela-H-MacBook-Pro.local" name="Script.Test2" tests="1" failures="0" timestamp="21 Jun 2014 17:49:13 GMT" time="256.853" errors="0">
  <testcase name="getExcelData" time="256.853" classname="Script.Test2"/>
</testsuite> <!-- Script.Test2 -->
