<?xml version="1.0" encoding="UTF-8"?>
<!-- Generated by org.testng.reporters.JUnitReportReporter -->
<testsuite hostname="Shivaleela-H-MacBook-Pro.local" name="Script.StudentLink_Login" tests="5" failures="0" timestamp="3 Jun 2014 08:33:07 GMT" time="64.439" errors="0">
  <testcase name="LoginData" time="12.878" classname="Script.StudentLink_Login"/>
  <testcase name="LoginData" time="12.699" classname="Script.StudentLink_Login"/>
  <testcase name="LoginData" time="13.173" classname="Script.StudentLink_Login"/>
  <testcase name="LoginData" time="13.208" classname="Script.StudentLink_Login"/>
  <testcase name="LoginData" time="12.481" classname="Script.StudentLink_Login"/>
</testsuite> <!-- Script.StudentLink_Login -->
