<?xml version="1.0" encoding="UTF-8"?>
<!-- Generated by org.testng.reporters.JUnitReportReporter -->
<testsuite hostname="Shivaleela-H-MacBook-Pro.local" name="Script.UIFunctionalityTesting" tests="8" failures="0" timestamp="10 Jul 2014 11:37:22 GMT" time="14.283" errors="0">
  <testcase name="verifyMonitorLoginUI" time="2.484" classname="Script.UIFunctionalityTesting"/>
  <testcase name="loginScenario1" time="2.719" classname="Script.UIFunctionalityTesting"/>
  <testcase name="VerifyEtazoLogo" time="0.393" classname="Script.UIFunctionalityTesting"/>
  <testcase name="verifyStudentLoginUI" time="2.483" classname="Script.UIFunctionalityTesting"/>
  <testcase name="loginScenario2" time="2.734" classname="Script.UIFunctionalityTesting"/>
  <testcase name="verifyWritingLoginUI" time="2.500" classname="Script.UIFunctionalityTesting"/>
  <testcase name="VerifyEtazoIcon" time="0.413" classname="Script.UIFunctionalityTesting"/>
  <testcase name="VerifyAllLinks" time="0.557" classname="Script.UIFunctionalityTesting"/>
</testsuite> <!-- Script.UIFunctionalityTesting -->
